  Scene.cpp
C:\Users\Chris\Desktop\Senior\Computer Graphics\Assignments\Solo\Assignment 3\Assignment 3\Assignment 3\Scene.h(42,50): warning C4305: 'initializing': truncation from 'double' to 'GLfloat'
C:\Users\Chris\Desktop\Senior\Computer Graphics\Assignments\Solo\Assignment 3\Assignment 3\Assignment 3\Scene.h(43,50): warning C4305: 'initializing': truncation from 'double' to 'GLfloat'
C:\Users\Chris\Desktop\Senior\Computer Graphics\Assignments\Solo\Assignment 3\Assignment 3\Assignment 3\Scene.h(44,50): warning C4305: 'initializing': truncation from 'double' to 'GLfloat'
C:\Users\Chris\Desktop\Senior\Computer Graphics\Assignments\Solo\Assignment 3\Assignment 3\Assignment 3\Scene.h(54,29): warning C4305: 'argument': truncation from 'double' to 'GLfloat'
C:\Users\Chris\Desktop\Senior\Computer Graphics\Assignments\Solo\Assignment 3\Assignment 3\Assignment 3\Scene.h(63,29): warning C4305: 'argument': truncation from 'double' to 'GLfloat'
C:\Users\Chris\Desktop\Senior\Computer Graphics\Assignments\Solo\Assignment 3\Assignment 3\Assignment 3\Scene.h(72,29): warning C4305: 'argument': truncation from 'double' to 'GLfloat'
C:\Users\Chris\Desktop\Senior\Computer Graphics\Assignments\Solo\Assignment 3\Assignment 3\Assignment 3\Scene.h(92,51): warning C4305: 'initializing': truncation from 'double' to 'GLfloat'
C:\Users\Chris\Desktop\Senior\Computer Graphics\Assignments\Solo\Assignment 3\Assignment 3\Assignment 3\Scene.h(93,51): warning C4305: 'initializing': truncation from 'double' to 'GLfloat'
C:\Users\Chris\Desktop\Senior\Computer Graphics\Assignments\Solo\Assignment 3\Assignment 3\Assignment 3\Scene.h(94,52): warning C4305: 'initializing': truncation from 'double' to 'GLfloat'
C:\Users\Chris\Desktop\Senior\Computer Graphics\Assignments\Solo\Assignment 3\Assignment 3\Assignment 3\Scene.h(103,29): warning C4305: 'argument': truncation from 'double' to 'GLfloat'
C:\Users\Chris\Desktop\Senior\Computer Graphics\Assignments\Solo\Assignment 3\Assignment 3\Assignment 3\Scene.h(123,53): warning C4305: 'initializing': truncation from 'double' to 'GLfloat'
C:\Users\Chris\Desktop\Senior\Computer Graphics\Assignments\Solo\Assignment 3\Assignment 3\Assignment 3\Scene.h(124,53): warning C4305: 'initializing': truncation from 'double' to 'GLfloat'
C:\Users\Chris\Desktop\Senior\Computer Graphics\Assignments\Solo\Assignment 3\Assignment 3\Assignment 3\Scene.h(125,54): warning C4305: 'initializing': truncation from 'double' to 'GLfloat'
C:\Users\Chris\Desktop\Senior\Computer Graphics\Assignments\Solo\Assignment 3\Assignment 3\Assignment 3\Scene.h(134,29): warning C4305: 'argument': truncation from 'double' to 'GLfloat'
C:\Users\Chris\Desktop\Senior\Computer Graphics\Assignments\Solo\Assignment 3\Assignment 3\Assignment 3\drawTable.h(37,54): warning C4305: 'initializing': truncation from 'double' to 'GLfloat'
C:\Users\Chris\Desktop\Senior\Computer Graphics\Assignments\Solo\Assignment 3\Assignment 3\Assignment 3\drawTable.h(38,54): warning C4305: 'initializing': truncation from 'double' to 'GLfloat'
C:\Users\Chris\Desktop\Senior\Computer Graphics\Assignments\Solo\Assignment 3\Assignment 3\Assignment 3\drawTable.h(39,55): warning C4305: 'initializing': truncation from 'double' to 'GLfloat'
C:\Users\Chris\Desktop\Senior\Computer Graphics\Assignments\Solo\Assignment 3\Assignment 3\Assignment 3\drawTable.h(44,54): warning C4305: 'initializing': truncation from 'double' to 'GLfloat'
C:\Users\Chris\Desktop\Senior\Computer Graphics\Assignments\Solo\Assignment 3\Assignment 3\Assignment 3\drawTable.h(45,54): warning C4305: 'initializing': truncation from 'double' to 'GLfloat'
C:\Users\Chris\Desktop\Senior\Computer Graphics\Assignments\Solo\Assignment 3\Assignment 3\Assignment 3\drawTable.h(46,55): warning C4305: 'initializing': truncation from 'double' to 'GLfloat'
C:\Users\Chris\Desktop\Senior\Computer Graphics\Assignments\Solo\Assignment 3\Assignment 3\Assignment 3\drawTable.h(53,31): warning C4305: 'argument': truncation from 'double' to 'GLfloat'
C:\Users\Chris\Desktop\Senior\Computer Graphics\Assignments\Solo\Assignment 3\Assignment 3\Assignment 3\drawTable.h(58,33): warning C4305: 'argument': truncation from 'double' to 'GLfloat'
C:\Users\Chris\Desktop\Senior\Computer Graphics\Assignments\Solo\Assignment 3\Assignment 3\Assignment 3\drawTable.h(66,33): warning C4305: 'argument': truncation from 'double' to 'GLfloat'
C:\Users\Chris\Desktop\Senior\Computer Graphics\Assignments\Solo\Assignment 3\Assignment 3\Assignment 3\drawTable.h(74,32): warning C4305: 'argument': truncation from 'double' to 'GLfloat'
C:\Users\Chris\Desktop\Senior\Computer Graphics\Assignments\Solo\Assignment 3\Assignment 3\Assignment 3\drawTable.h(82,32): warning C4305: 'argument': truncation from 'double' to 'GLfloat'
C:\Users\Chris\Desktop\Senior\Computer Graphics\Assignments\Solo\Assignment 3\Assignment 3\Assignment 3\drawTable.h(101,38): warning C4305: 'argument': truncation from 'double' to 'GLfloat'
C:\Users\Chris\Desktop\Senior\Computer Graphics\Assignments\Solo\Assignment 3\Assignment 3\Assignment 3\drawChair.h(38,54): warning C4305: 'initializing': truncation from 'double' to 'GLfloat'
C:\Users\Chris\Desktop\Senior\Computer Graphics\Assignments\Solo\Assignment 3\Assignment 3\Assignment 3\drawChair.h(39,54): warning C4305: 'initializing': truncation from 'double' to 'GLfloat'
C:\Users\Chris\Desktop\Senior\Computer Graphics\Assignments\Solo\Assignment 3\Assignment 3\Assignment 3\drawChair.h(40,55): warning C4305: 'initializing': truncation from 'double' to 'GLfloat'
C:\Users\Chris\Desktop\Senior\Computer Graphics\Assignments\Solo\Assignment 3\Assignment 3\Assignment 3\drawChair.h(45,55): warning C4305: 'initializing': truncation from 'double' to 'GLfloat'
C:\Users\Chris\Desktop\Senior\Computer Graphics\Assignments\Solo\Assignment 3\Assignment 3\Assignment 3\drawChair.h(46,55): warning C4305: 'initializing': truncation from 'double' to 'GLfloat'
C:\Users\Chris\Desktop\Senior\Computer Graphics\Assignments\Solo\Assignment 3\Assignment 3\Assignment 3\drawChair.h(47,56): warning C4305: 'initializing': truncation from 'double' to 'GLfloat'
C:\Users\Chris\Desktop\Senior\Computer Graphics\Assignments\Solo\Assignment 3\Assignment 3\Assignment 3\drawChair.h(52,55): warning C4305: 'initializing': truncation from 'double' to 'GLfloat'
C:\Users\Chris\Desktop\Senior\Computer Graphics\Assignments\Solo\Assignment 3\Assignment 3\Assignment 3\drawChair.h(53,55): warning C4305: 'initializing': truncation from 'double' to 'GLfloat'
C:\Users\Chris\Desktop\Senior\Computer Graphics\Assignments\Solo\Assignment 3\Assignment 3\Assignment 3\drawChair.h(54,56): warning C4305: 'initializing': truncation from 'double' to 'GLfloat'
C:\Users\Chris\Desktop\Senior\Computer Graphics\Assignments\Solo\Assignment 3\Assignment 3\Assignment 3\drawChair.h(61,31): warning C4305: 'argument': truncation from 'double' to 'GLfloat'
C:\Users\Chris\Desktop\Senior\Computer Graphics\Assignments\Solo\Assignment 3\Assignment 3\Assignment 3\drawChair.h(64,39): warning C4244: 'argument': conversion from 'double' to 'GLfloat', possible loss of data
C:\Users\Chris\Desktop\Senior\Computer Graphics\Assignments\Solo\Assignment 3\Assignment 3\Assignment 3\drawChair.h(65,31): warning C4305: 'argument': truncation from 'double' to 'GLfloat'
C:\Users\Chris\Desktop\Senior\Computer Graphics\Assignments\Solo\Assignment 3\Assignment 3\Assignment 3\drawChair.h(72,39): warning C4244: 'argument': conversion from 'double' to 'GLfloat', possible loss of data
C:\Users\Chris\Desktop\Senior\Computer Graphics\Assignments\Solo\Assignment 3\Assignment 3\Assignment 3\drawChair.h(73,31): warning C4305: 'argument': truncation from 'double' to 'GLfloat'
C:\Users\Chris\Desktop\Senior\Computer Graphics\Assignments\Solo\Assignment 3\Assignment 3\Assignment 3\drawChair.h(80,39): warning C4244: 'argument': conversion from 'double' to 'GLfloat', possible loss of data
C:\Users\Chris\Desktop\Senior\Computer Graphics\Assignments\Solo\Assignment 3\Assignment 3\Assignment 3\drawChair.h(81,31): warning C4305: 'argument': truncation from 'double' to 'GLfloat'
C:\Users\Chris\Desktop\Senior\Computer Graphics\Assignments\Solo\Assignment 3\Assignment 3\Assignment 3\drawChair.h(88,39): warning C4244: 'argument': conversion from 'double' to 'GLfloat', possible loss of data
C:\Users\Chris\Desktop\Senior\Computer Graphics\Assignments\Solo\Assignment 3\Assignment 3\Assignment 3\drawChair.h(89,31): warning C4305: 'argument': truncation from 'double' to 'GLfloat'
C:\Users\Chris\Desktop\Senior\Computer Graphics\Assignments\Solo\Assignment 3\Assignment 3\Assignment 3\drawChair.h(99,27): warning C4244: 'argument': conversion from 'double' to 'GLfloat', possible loss of data
C:\Users\Chris\Desktop\Senior\Computer Graphics\Assignments\Solo\Assignment 3\Assignment 3\Assignment 3\drawChair.h(113,31): warning C4244: 'argument': conversion from 'double' to 'GLfloat', possible loss of data
C:\Users\Chris\Desktop\Senior\Computer Graphics\Assignments\Solo\Assignment 3\Assignment 3\Assignment 3\drawChair.h(115,33): warning C4305: 'argument': truncation from 'double' to 'GLfloat'
C:\Users\Chris\Desktop\Senior\Computer Graphics\Assignments\Solo\Assignment 3\Assignment 3\Assignment 3\drawChair.h(125,35): warning C4244: 'argument': conversion from 'double' to 'GLfloat', possible loss of data
C:\Users\Chris\Desktop\Senior\Computer Graphics\Assignments\Solo\Assignment 3\Assignment 3\Assignment 3\drawChair.h(127,33): warning C4305: 'argument': truncation from 'double' to 'GLfloat'
C:\Users\Chris\Desktop\Senior\Computer Graphics\Assignments\Solo\Assignment 3\Assignment 3\Assignment 3\drawChair.h(137,53): warning C4244: 'argument': conversion from 'double' to 'GLfloat', possible loss of data
C:\Users\Chris\Desktop\Senior\Computer Graphics\Assignments\Solo\Assignment 3\Assignment 3\Assignment 3\drawChair.h(137,35): warning C4244: 'argument': conversion from 'double' to 'GLfloat', possible loss of data
C:\Users\Chris\Desktop\Senior\Computer Graphics\Assignments\Solo\Assignment 3\Assignment 3\Assignment 3\drawChair.h(139,33): warning C4305: 'argument': truncation from 'double' to 'GLfloat'
C:\Users\Chris\Desktop\Senior\Computer Graphics\Assignments\Solo\Assignment 3\Assignment 3\Assignment 3\drawChair.h(149,53): warning C4244: 'argument': conversion from 'double' to 'GLfloat', possible loss of data
C:\Users\Chris\Desktop\Senior\Computer Graphics\Assignments\Solo\Assignment 3\Assignment 3\Assignment 3\drawChair.h(149,35): warning C4244: 'argument': conversion from 'double' to 'GLfloat', possible loss of data
C:\Users\Chris\Desktop\Senior\Computer Graphics\Assignments\Solo\Assignment 3\Assignment 3\Assignment 3\drawChair.h(151,33): warning C4305: 'argument': truncation from 'double' to 'GLfloat'
C:\Users\Chris\Desktop\Senior\Computer Graphics\Assignments\Solo\Assignment 3\Assignment 3\Assignment 3\Window.h(46,33): warning C4305: 'argument': truncation from 'double' to 'GLclampf'
C:\Users\Chris\Desktop\Senior\Computer Graphics\Assignments\Solo\Assignment 3\Assignment 3\Assignment 3\Keyboard.h(42,27): warning C4244: '=': conversion from 'double' to 'float', possible loss of data
C:\Users\Chris\Desktop\Senior\Computer Graphics\Assignments\Solo\Assignment 3\Assignment 3\Assignment 3\Keyboard.h(46,27): warning C4244: '=': conversion from 'double' to 'float', possible loss of data
C:\Users\Chris\Desktop\Senior\Computer Graphics\Assignments\Solo\Assignment 3\Assignment 3\Assignment 3\Keyboard.h(50,27): warning C4244: '=': conversion from 'double' to 'float', possible loss of data
C:\Users\Chris\Desktop\Senior\Computer Graphics\Assignments\Solo\Assignment 3\Assignment 3\Assignment 3\Keyboard.h(54,27): warning C4244: '=': conversion from 'double' to 'float', possible loss of data
C:\Users\Chris\Desktop\Senior\Computer Graphics\Assignments\Solo\Assignment 3\Assignment 3\Assignment 3\Keyboard.h(80,28): warning C4305: '+=': truncation from 'double' to 'float'
C:\Users\Chris\Desktop\Senior\Computer Graphics\Assignments\Solo\Assignment 3\Assignment 3\Assignment 3\Keyboard.h(81,28): warning C4305: '+=': truncation from 'double' to 'float'
C:\Users\Chris\Desktop\Senior\Computer Graphics\Assignments\Solo\Assignment 3\Assignment 3\Assignment 3\Keyboard.h(84,28): warning C4305: '-=': truncation from 'double' to 'float'
C:\Users\Chris\Desktop\Senior\Computer Graphics\Assignments\Solo\Assignment 3\Assignment 3\Assignment 3\Keyboard.h(85,28): warning C4305: '-=': truncation from 'double' to 'float'
  Assignment 3.vcxproj -> C:\Users\Chris\Desktop\Senior\Computer Graphics\Assignments\Solo\Assignment 3\Assignment 3\Debug\Assignment 3.exe
